<?xml version="1.0" encoding="UTF-8"?>
<!-- Generated by org.testng.reporters.JUnitReportReporter -->
<testsuite skipped="0" hostname="JBCVKJ-PC" name="org.testing.testScripts.TC8_RealTime_GetAll" tests="1" failures="0" timestamp="2022-05-13T12:31:04 IST" time="1.234" errors="0">
  <testcase name="testCase8" time="1.234" classname="org.testing.testScripts.TC8_RealTime_GetAll"/>
  <system-out/>
</testsuite> <!-- org.testing.testScripts.TC8_RealTime_GetAll -->
