<?xml version="1.0" encoding="UTF-8"?>
<!-- Generated by org.testng.reporters.JUnitReportReporter -->
<testsuite skipped="0" hostname="JBCVKJ-PC" name="org.testing.testScripts.TC7_RealTime_Get" tests="1" failures="0" timestamp="2022-05-13T12:31:04 IST" time="2.186" errors="0">
  <testcase name="testCase7" time="2.186" classname="org.testing.testScripts.TC7_RealTime_Get"/>
  <system-out/>
</testsuite> <!-- org.testing.testScripts.TC7_RealTime_Get -->
