<?xml version="1.0" encoding="UTF-8"?>
<!-- Generated by org.testng.reporters.JUnitReportReporter -->
<testsuite skipped="0" hostname="JBCVKJ-PC" name="org.testing.testScripts.TC6_RealTime_Post" tests="1" failures="0" timestamp="2022-05-13T17:30:24 IST" time="6.198" errors="0">
  <testcase name="testCase6" time="6.198" classname="org.testing.testScripts.TC6_RealTime_Post"/>
  <system-out/>
</testsuite> <!-- org.testing.testScripts.TC6_RealTime_Post -->
