<?xml version="1.0" encoding="UTF-8"?>
<!-- Generated by org.testng.reporters.JUnitReportReporter -->
<testsuite skipped="0" hostname="Divya" name="org.testing.testScripts.TC6_RealTime_Post" tests="1" failures="0" timestamp="2022-05-22T23:21:24 IST" time="4.265" errors="0">
  <testcase name="testCase6" time="4.265" classname="org.testing.testScripts.TC6_RealTime_Post"/>
  <system-out/>
</testsuite> <!-- org.testing.testScripts.TC6_RealTime_Post -->
