<?xml version="1.0" encoding="UTF-8"?>
<!-- Generated by org.testng.reporters.JUnitReportReporter -->
<testsuite skipped="0" hostname="JBCVKJ-PC" name="org.testing.testScripts.TC7_RealTime_Get" tests="1" failures="0" timestamp="2022-05-13T17:30:24 IST" time="2.611" errors="0">
  <testcase name="testCase7" time="2.611" classname="org.testing.testScripts.TC7_RealTime_Get"/>
  <system-out/>
</testsuite> <!-- org.testing.testScripts.TC7_RealTime_Get -->
