<?xml version="1.0" encoding="UTF-8"?>
<!-- Generated by org.testng.reporters.JUnitReportReporter -->
<testsuite skipped="0" hostname="Divya" name="org.testing.testScripts.TC9_RealTime_Put" tests="1" failures="0" timestamp="2022-05-22T23:21:24 IST" time="1.047" errors="0">
  <testcase name="testCase9" time="1.047" classname="org.testing.testScripts.TC9_RealTime_Put"/>
  <system-out/>
</testsuite> <!-- org.testing.testScripts.TC9_RealTime_Put -->
