<?xml version="1.0" encoding="UTF-8"?>
<!-- Generated by org.testng.reporters.JUnitReportReporter -->
<testsuite skipped="0" hostname="Divya" name="org.testing.testScripts.TC8_RealTime_GetAll" tests="1" failures="0" timestamp="2022-05-22T23:21:24 IST" time="1.673" errors="0">
  <testcase name="testCase8" time="1.673" classname="org.testing.testScripts.TC8_RealTime_GetAll"/>
  <system-out/>
</testsuite> <!-- org.testing.testScripts.TC8_RealTime_GetAll -->
